14:06:41.94 [Worker-78] INFO  o.a.AndroidAnnotationProcessor:84 - Initialize AndroidAnnotations 3.2 with options {phase=BUILD}
14:06:44.168 [Worker-81] INFO  o.a.AndroidAnnotationProcessor:84 - Initialize AndroidAnnotations 3.2 with options {phase=BUILD}
14:06:44.169 [Worker-81] INFO  o.a.AndroidAnnotationProcessor:108 - Start processing for 1 annotations on 1 elements
14:06:44.184 [Worker-81] DEBUG o.a.h.AndroidManifestFinder:137 - AndroidManifest.xml file found in parent folder /Users/dream/Documents/work/androidannotations: /Users/dream/Documents/work/androidannotations/AndroidManifest.xml
14:06:44.186 [Worker-81] INFO  o.a.AndroidAnnotationProcessor:171 - AndroidManifest.xml found: AndroidManifest [applicationPackage=com.example.androidannotations, componentQualifiedNames=[com.example.androidannotations.MainActivity], permissionQualifiedNames=[], applicationClassName=null, libraryProject=false, debugabble=false, minSdkVersion=8, maxSdkVersion=-1, targetSdkVersion=21]
14:06:44.186 [Worker-81] INFO  o.a.r.ProjectRClassFinder:50 - Found project R class: com.example.androidannotations.R
14:06:44.187 [Worker-81] INFO  o.a.r.AndroidRClassFinder:44 - Found Android class: android.R
14:06:44.201 [Worker-81] INFO  o.a.p.ModelValidator:42 - Validating elements
14:06:44.202 [Worker-81] DEBUG o.a.p.ModelValidator:62 - Validating with EActivityHandler: [com.example.androidannotations.MainActivity]
14:06:44.202 [Worker-81] ERROR o.a.h.AnnotationHelper:126 - The AndroidManifest.xml file contains the original component, and not the AndroidAnnotations generated component. Please register MainActivity_ instead of MainActivity
14:06:44.202 [Worker-81] WARN  o.a.p.ModelValidator:69 - Element EActivityHandler unvalidated by 
14:06:44.203 [Worker-81] INFO  o.a.p.ModelProcessor:69 - Processing root elements
14:06:44.203 [Worker-81] INFO  o.a.p.ModelProcessor:77 - Processing enclosed elements
14:06:44.204 [Worker-81] INFO  o.a.AndroidAnnotationProcessor:250 - Number of files generated by AndroidAnnotations: 0
14:06:44.204 [Worker-81] INFO  o.a.g.ApiCodeGenerator:52 - Writting following API classes in project: []
14:06:44.204 [Worker-81] INFO  o.a.p.TimeStats:81 - Time measurements: [Whole Processing = 35 ms], [Find R Classes = 15 ms], [Extract Annotations = 14 ms], [Extract Manifest = 2 ms], [Validate Annotations = 2 ms], [Process Annotations = 1 ms], [Generate Sources = 0 ms], 
14:06:44.205 [Worker-81] INFO  o.a.AndroidAnnotationProcessor:122 - Finish processing
14:06:48.193 [Worker-84] INFO  o.a.AndroidAnnotationProcessor:84 - Initialize AndroidAnnotations 3.2 with options {phase=BUILD}
14:07:33.304 [Worker-80] INFO  o.a.AndroidAnnotationProcessor:84 - Initialize AndroidAnnotations 3.2 with options {phase=BUILD}
14:07:33.305 [Worker-80] INFO  o.a.AndroidAnnotationProcessor:108 - Start processing for 1 annotations on 3 elements
14:07:33.314 [Worker-80] DEBUG o.a.h.AndroidManifestFinder:137 - AndroidManifest.xml file found in parent folder /Users/dream/Documents/work/androidannotations: /Users/dream/Documents/work/androidannotations/AndroidManifest.xml
14:07:33.317 [Worker-80] INFO  o.a.AndroidAnnotationProcessor:171 - AndroidManifest.xml found: AndroidManifest [applicationPackage=com.example.androidannotations, componentQualifiedNames=[com.example.androidannotations.MainActivity_], permissionQualifiedNames=[], applicationClassName=null, libraryProject=false, debugabble=false, minSdkVersion=8, maxSdkVersion=-1, targetSdkVersion=21]
14:07:33.317 [Worker-80] INFO  o.a.r.ProjectRClassFinder:50 - Found project R class: com.example.androidannotations.R
14:07:33.318 [Worker-80] INFO  o.a.r.AndroidRClassFinder:44 - Found Android class: android.R
14:07:33.326 [Worker-80] INFO  o.a.p.ModelValidator:42 - Validating elements
14:07:33.327 [Worker-80] DEBUG o.a.p.ModelValidator:62 - Validating with EActivityHandler: [com.example.androidannotations.MainActivity]
14:07:33.328 [Worker-80] INFO  o.a.p.ModelProcessor:69 - Processing root elements
14:07:33.328 [Worker-80] DEBUG o.a.p.ModelProcessor:160 - Processing root elements EActivityHandler: [com.example.androidannotations.MainActivity]
14:07:33.366 [Worker-80] INFO  o.a.p.ModelProcessor:77 - Processing enclosed elements
14:07:33.367 [Worker-80] INFO  o.a.AndroidAnnotationProcessor:250 - Number of files generated by AndroidAnnotations: 1
14:07:33.367 [Worker-80] INFO  o.a.g.ApiCodeGenerator:52 - Writting following API classes in project: []
14:07:33.368 [Worker-80] DEBUG o.a.g.SourceCodewriter:55 - Generating class: com.example.androidannotations.MainActivity_
14:07:33.385 [Worker-80] INFO  o.a.p.TimeStats:81 - Time measurements: [Whole Processing = 80 ms], [Process Annotations = 39 ms], [Generate Sources = 18 ms], [Find R Classes = 9 ms], [Extract Annotations = 8 ms], [Extract Manifest = 3 ms], [Validate Annotations = 2 ms], 
14:07:33.385 [Worker-80] INFO  o.a.AndroidAnnotationProcessor:122 - Finish processing
14:08:20.104 [Worker-82] INFO  o.a.AndroidAnnotationProcessor:84 - Initialize AndroidAnnotations 3.2 with options {phase=BUILD}
14:08:20.105 [Worker-82] INFO  o.a.AndroidAnnotationProcessor:108 - Start processing for 1 annotations on 3 elements
14:08:20.117 [Worker-82] DEBUG o.a.h.AndroidManifestFinder:137 - AndroidManifest.xml file found in parent folder /Users/dream/Documents/work/androidannotations: /Users/dream/Documents/work/androidannotations/AndroidManifest.xml
14:08:20.118 [Worker-82] INFO  o.a.AndroidAnnotationProcessor:171 - AndroidManifest.xml found: AndroidManifest [applicationPackage=com.example.androidannotations, componentQualifiedNames=[com.example.androidannotations.MainActivity_], permissionQualifiedNames=[], applicationClassName=null, libraryProject=false, debugabble=false, minSdkVersion=8, maxSdkVersion=-1, targetSdkVersion=21]
14:08:20.119 [Worker-82] INFO  o.a.r.ProjectRClassFinder:50 - Found project R class: com.example.androidannotations.R
14:08:20.119 [Worker-82] INFO  o.a.r.AndroidRClassFinder:44 - Found Android class: android.R
14:08:20.128 [Worker-82] INFO  o.a.p.ModelValidator:42 - Validating elements
14:08:20.129 [Worker-82] DEBUG o.a.p.ModelValidator:62 - Validating with EActivityHandler: [com.example.androidannotations.MainActivity]
14:08:20.130 [Worker-82] INFO  o.a.p.ModelProcessor:69 - Processing root elements
14:08:20.131 [Worker-82] DEBUG o.a.p.ModelProcessor:160 - Processing root elements EActivityHandler: [com.example.androidannotations.MainActivity]
14:08:20.135 [Worker-82] INFO  o.a.p.ModelProcessor:77 - Processing enclosed elements
14:08:20.135 [Worker-82] INFO  o.a.AndroidAnnotationProcessor:250 - Number of files generated by AndroidAnnotations: 1
14:08:20.136 [Worker-82] INFO  o.a.g.ApiCodeGenerator:52 - Writting following API classes in project: []
14:08:20.136 [Worker-82] DEBUG o.a.g.SourceCodewriter:55 - Generating class: com.example.androidannotations.MainActivity_
14:08:20.145 [Worker-82] INFO  o.a.p.TimeStats:81 - Time measurements: [Whole Processing = 40 ms], [Extract Annotations = 11 ms], [Generate Sources = 10 ms], [Find R Classes = 9 ms], [Process Annotations = 5 ms], [Validate Annotations = 2 ms], [Extract Manifest = 1 ms], 
14:08:20.145 [Worker-82] INFO  o.a.AndroidAnnotationProcessor:122 - Finish processing
14:09:26.951 [Worker-84] INFO  o.a.AndroidAnnotationProcessor:84 - Initialize AndroidAnnotations 3.2 with options {phase=BUILD}
14:09:26.967 [Worker-84] INFO  o.a.AndroidAnnotationProcessor:108 - Start processing for 1 annotations on 2 elements
14:09:26.978 [Worker-84] DEBUG o.a.h.AndroidManifestFinder:137 - AndroidManifest.xml file found in parent folder /Users/dream/Documents/work/androidannotations: /Users/dream/Documents/work/androidannotations/AndroidManifest.xml
14:09:26.980 [Worker-84] INFO  o.a.AndroidAnnotationProcessor:171 - AndroidManifest.xml found: AndroidManifest [applicationPackage=com.example.androidannotations, componentQualifiedNames=[com.example.androidannotations.MainActivity_], permissionQualifiedNames=[], applicationClassName=null, libraryProject=false, debugabble=false, minSdkVersion=8, maxSdkVersion=-1, targetSdkVersion=21]
14:09:26.980 [Worker-84] INFO  o.a.r.ProjectRClassFinder:50 - Found project R class: com.example.androidannotations.R
14:09:26.981 [Worker-84] INFO  o.a.r.AndroidRClassFinder:44 - Found Android class: android.R
14:09:26.987 [Worker-84] INFO  o.a.p.ModelValidator:42 - Validating elements
14:09:26.988 [Worker-84] DEBUG o.a.p.ModelValidator:62 - Validating with EActivityHandler: [com.example.androidannotations.MainActivity]
14:09:26.989 [Worker-84] INFO  o.a.p.ModelProcessor:69 - Processing root elements
14:09:26.989 [Worker-84] DEBUG o.a.p.ModelProcessor:160 - Processing root elements EActivityHandler: [com.example.androidannotations.MainActivity]
14:09:26.992 [Worker-84] INFO  o.a.p.ModelProcessor:77 - Processing enclosed elements
14:09:26.994 [Worker-84] INFO  o.a.AndroidAnnotationProcessor:250 - Number of files generated by AndroidAnnotations: 1
14:09:26.995 [Worker-84] INFO  o.a.g.ApiCodeGenerator:52 - Writting following API classes in project: []
14:09:26.996 [Worker-84] DEBUG o.a.g.SourceCodewriter:55 - Generating class: com.example.androidannotations.MainActivity_
14:09:27.4 [Worker-84] INFO  o.a.p.TimeStats:81 - Time measurements: [Whole Processing = 37 ms], [Generate Sources = 10 ms], [Extract Annotations = 9 ms], [Find R Classes = 7 ms], [Process Annotations = 5 ms], [Extract Manifest = 2 ms], [Validate Annotations = 2 ms], 
14:09:27.4 [Worker-84] INFO  o.a.AndroidAnnotationProcessor:122 - Finish processing
14:09:49.927 [Worker-82] INFO  o.a.AndroidAnnotationProcessor:84 - Initialize AndroidAnnotations 3.2 with options {phase=BUILD}
14:09:49.943 [Worker-82] INFO  o.a.AndroidAnnotationProcessor:108 - Start processing for 1 annotations on 2 elements
14:09:49.954 [Worker-82] DEBUG o.a.h.AndroidManifestFinder:137 - AndroidManifest.xml file found in parent folder /Users/dream/Documents/work/androidannotations: /Users/dream/Documents/work/androidannotations/AndroidManifest.xml
14:09:49.957 [Worker-82] INFO  o.a.AndroidAnnotationProcessor:171 - AndroidManifest.xml found: AndroidManifest [applicationPackage=com.example.androidannotations, componentQualifiedNames=[com.example.androidannotations.MainActivity_], permissionQualifiedNames=[], applicationClassName=null, libraryProject=false, debugabble=false, minSdkVersion=8, maxSdkVersion=-1, targetSdkVersion=21]
14:09:49.957 [Worker-82] INFO  o.a.r.ProjectRClassFinder:50 - Found project R class: com.example.androidannotations.R
14:09:49.958 [Worker-82] INFO  o.a.r.AndroidRClassFinder:44 - Found Android class: android.R
14:09:49.963 [Worker-82] INFO  o.a.p.ModelValidator:42 - Validating elements
14:09:49.963 [Worker-82] DEBUG o.a.p.ModelValidator:62 - Validating with EActivityHandler: [com.example.androidannotations.MainActivity]
14:09:49.964 [Worker-82] INFO  o.a.p.ModelProcessor:69 - Processing root elements
14:09:49.965 [Worker-82] DEBUG o.a.p.ModelProcessor:160 - Processing root elements EActivityHandler: [com.example.androidannotations.MainActivity]
14:09:49.967 [Worker-82] INFO  o.a.p.ModelProcessor:77 - Processing enclosed elements
14:09:49.968 [Worker-82] INFO  o.a.AndroidAnnotationProcessor:250 - Number of files generated by AndroidAnnotations: 1
14:09:49.968 [Worker-82] INFO  o.a.g.ApiCodeGenerator:52 - Writting following API classes in project: []
14:09:49.968 [Worker-82] DEBUG o.a.g.SourceCodewriter:55 - Generating class: com.example.androidannotations.MainActivity_
14:09:49.976 [Worker-82] INFO  o.a.p.TimeStats:81 - Time measurements: [Whole Processing = 33 ms], [Extract Annotations = 10 ms], [Generate Sources = 8 ms], [Find R Classes = 5 ms], [Process Annotations = 4 ms], [Extract Manifest = 3 ms], [Validate Annotations = 1 ms], 
14:09:49.977 [Worker-82] INFO  o.a.AndroidAnnotationProcessor:122 - Finish processing
14:10:17.696 [Worker-82] INFO  o.a.AndroidAnnotationProcessor:84 - Initialize AndroidAnnotations 3.2 with options {phase=BUILD}
14:10:17.711 [Worker-82] INFO  o.a.AndroidAnnotationProcessor:108 - Start processing for 1 annotations on 2 elements
14:10:17.721 [Worker-82] DEBUG o.a.h.AndroidManifestFinder:137 - AndroidManifest.xml file found in parent folder /Users/dream/Documents/work/androidannotations: /Users/dream/Documents/work/androidannotations/AndroidManifest.xml
14:10:17.723 [Worker-82] INFO  o.a.AndroidAnnotationProcessor:171 - AndroidManifest.xml found: AndroidManifest [applicationPackage=com.example.androidannotations, componentQualifiedNames=[com.example.androidannotations.MainActivity_], permissionQualifiedNames=[], applicationClassName=null, libraryProject=false, debugabble=false, minSdkVersion=8, maxSdkVersion=-1, targetSdkVersion=21]
14:10:17.724 [Worker-82] INFO  o.a.r.ProjectRClassFinder:50 - Found project R class: com.example.androidannotations.R
14:10:17.724 [Worker-82] INFO  o.a.r.AndroidRClassFinder:44 - Found Android class: android.R
14:10:17.728 [Worker-82] INFO  o.a.p.ModelValidator:42 - Validating elements
14:10:17.729 [Worker-82] DEBUG o.a.p.ModelValidator:62 - Validating with EActivityHandler: [com.example.androidannotations.MainActivity]
14:10:17.730 [Worker-82] INFO  o.a.p.ModelProcessor:69 - Processing root elements
14:10:17.730 [Worker-82] DEBUG o.a.p.ModelProcessor:160 - Processing root elements EActivityHandler: [com.example.androidannotations.MainActivity]
14:10:17.732 [Worker-82] INFO  o.a.p.ModelProcessor:77 - Processing enclosed elements
14:10:17.733 [Worker-82] INFO  o.a.AndroidAnnotationProcessor:250 - Number of files generated by AndroidAnnotations: 1
14:10:17.733 [Worker-82] INFO  o.a.g.ApiCodeGenerator:52 - Writting following API classes in project: []
14:10:17.734 [Worker-82] DEBUG o.a.g.SourceCodewriter:55 - Generating class: com.example.androidannotations.MainActivity_
14:10:17.743 [Worker-82] INFO  o.a.p.TimeStats:81 - Time measurements: [Whole Processing = 32 ms], [Extract Annotations = 10 ms], [Generate Sources = 10 ms], [Find R Classes = 4 ms], [Process Annotations = 3 ms], [Extract Manifest = 2 ms], [Validate Annotations = 2 ms], 
14:10:17.744 [Worker-82] INFO  o.a.AndroidAnnotationProcessor:122 - Finish processing
14:11:56.349 [Worker-83] INFO  o.a.AndroidAnnotationProcessor:84 - Initialize AndroidAnnotations 3.2 with options {phase=BUILD}
14:12:31.625 [Worker-87] INFO  o.a.AndroidAnnotationProcessor:84 - Initialize AndroidAnnotations 3.2 with options {phase=BUILD}
14:12:48.944 [Worker-84] INFO  o.a.AndroidAnnotationProcessor:84 - Initialize AndroidAnnotations 3.2 with options {phase=BUILD}
14:13:16.390 [Worker-80] INFO  o.a.AndroidAnnotationProcessor:84 - Initialize AndroidAnnotations 3.2 with options {phase=BUILD}
14:13:30.721 [Worker-85] INFO  o.a.AndroidAnnotationProcessor:84 - Initialize AndroidAnnotations 3.2 with options {phase=BUILD}
14:14:00.144 [Worker-81] INFO  o.a.AndroidAnnotationProcessor:84 - Initialize AndroidAnnotations 3.2 with options {phase=BUILD}
14:14:25.135 [Worker-80] INFO  o.a.AndroidAnnotationProcessor:84 - Initialize AndroidAnnotations 3.2 with options {phase=BUILD}
14:15:49.236 [Worker-84] INFO  o.a.AndroidAnnotationProcessor:84 - Initialize AndroidAnnotations 3.2 with options {phase=BUILD}
14:15:49.250 [Worker-84] INFO  o.a.AndroidAnnotationProcessor:108 - Start processing for 1 annotations on 2 elements
14:15:49.261 [Worker-84] DEBUG o.a.h.AndroidManifestFinder:137 - AndroidManifest.xml file found in parent folder /Users/dream/Documents/work/androidannotations: /Users/dream/Documents/work/androidannotations/AndroidManifest.xml
14:15:49.263 [Worker-84] INFO  o.a.AndroidAnnotationProcessor:171 - AndroidManifest.xml found: AndroidManifest [applicationPackage=com.example.androidannotations, componentQualifiedNames=[com.example.androidannotations.MainActivity_], permissionQualifiedNames=[], applicationClassName=null, libraryProject=false, debugabble=false, minSdkVersion=8, maxSdkVersion=-1, targetSdkVersion=21]
14:15:49.263 [Worker-84] INFO  o.a.r.ProjectRClassFinder:50 - Found project R class: com.example.androidannotations.R
14:15:49.264 [Worker-84] INFO  o.a.r.AndroidRClassFinder:44 - Found Android class: android.R
14:15:49.268 [Worker-84] INFO  o.a.p.ModelValidator:42 - Validating elements
14:15:49.268 [Worker-84] DEBUG o.a.p.ModelValidator:62 - Validating with EActivityHandler: [com.example.androidannotations.MainActivity]
14:15:49.269 [Worker-84] INFO  o.a.p.ModelProcessor:69 - Processing root elements
14:15:49.270 [Worker-84] DEBUG o.a.p.ModelProcessor:160 - Processing root elements EActivityHandler: [com.example.androidannotations.MainActivity]
14:15:49.272 [Worker-84] INFO  o.a.p.ModelProcessor:77 - Processing enclosed elements
14:15:49.273 [Worker-84] INFO  o.a.AndroidAnnotationProcessor:250 - Number of files generated by AndroidAnnotations: 1
14:15:49.274 [Worker-84] INFO  o.a.g.ApiCodeGenerator:52 - Writting following API classes in project: []
14:15:49.275 [Worker-84] DEBUG o.a.g.SourceCodewriter:55 - Generating class: com.example.androidannotations.MainActivity_
14:15:49.277 [Worker-84] INFO  o.a.p.TimeStats:81 - Time measurements: [Whole Processing = 27 ms], [Extract Annotations = 10 ms], [Find R Classes = 4 ms], [Process Annotations = 4 ms], [Generate Sources = 4 ms], [Extract Manifest = 3 ms], [Validate Annotations = 1 ms], 
14:15:49.277 [Worker-84] INFO  o.a.AndroidAnnotationProcessor:122 - Finish processing
14:15:57.266 [Worker-82] INFO  o.a.AndroidAnnotationProcessor:84 - Initialize AndroidAnnotations 3.2 with options {phase=BUILD}
14:17:35.792 [Worker-87] INFO  o.a.AndroidAnnotationProcessor:84 - Initialize AndroidAnnotations 3.2 with options {phase=BUILD}
14:17:35.794 [Worker-87] INFO  o.a.AndroidAnnotationProcessor:108 - Start processing for 2 annotations on 2 elements
14:17:35.802 [Worker-87] DEBUG o.a.h.AndroidManifestFinder:137 - AndroidManifest.xml file found in parent folder /Users/dream/Documents/work/androidannotations: /Users/dream/Documents/work/androidannotations/AndroidManifest.xml
14:17:35.804 [Worker-87] INFO  o.a.AndroidAnnotationProcessor:171 - AndroidManifest.xml found: AndroidManifest [applicationPackage=com.example.androidannotations, componentQualifiedNames=[com.example.androidannotations.MainActivity_], permissionQualifiedNames=[], applicationClassName=null, libraryProject=false, debugabble=false, minSdkVersion=8, maxSdkVersion=-1, targetSdkVersion=21]
14:17:35.804 [Worker-87] INFO  o.a.r.ProjectRClassFinder:50 - Found project R class: com.example.androidannotations.R
14:17:35.805 [Worker-87] INFO  o.a.r.AndroidRClassFinder:44 - Found Android class: android.R
14:17:35.808 [Worker-87] INFO  o.a.p.ModelValidator:42 - Validating elements
14:17:35.809 [Worker-87] DEBUG o.a.p.ModelValidator:62 - Validating with EActivityHandler: [com.example.androidannotations.MainActivity]
14:17:35.811 [Worker-87] DEBUG o.a.p.ModelValidator:62 - Validating with ViewByIdHandler: [but_id, username, password, text]
14:17:35.815 [Worker-87] INFO  o.a.p.ModelProcessor:69 - Processing root elements
14:17:35.815 [Worker-87] DEBUG o.a.p.ModelProcessor:160 - Processing root elements EActivityHandler: [com.example.androidannotations.MainActivity]
14:17:35.818 [Worker-87] INFO  o.a.p.ModelProcessor:77 - Processing enclosed elements
14:17:35.821 [Worker-87] INFO  o.a.AndroidAnnotationProcessor:250 - Number of files generated by AndroidAnnotations: 1
14:17:35.821 [Worker-87] INFO  o.a.g.ApiCodeGenerator:52 - Writting following API classes in project: []
14:17:35.821 [Worker-87] DEBUG o.a.g.SourceCodewriter:55 - Generating class: com.example.androidannotations.MainActivity_
14:17:35.825 [Worker-87] INFO  o.a.p.TimeStats:81 - Time measurements: [Whole Processing = 31 ms], [Extract Annotations = 8 ms], [Validate Annotations = 7 ms], [Process Annotations = 6 ms], [Find R Classes = 4 ms], [Generate Sources = 4 ms], [Extract Manifest = 2 ms], 
14:17:35.825 [Worker-87] INFO  o.a.AndroidAnnotationProcessor:122 - Finish processing
14:17:53.952 [Worker-85] INFO  o.a.AndroidAnnotationProcessor:84 - Initialize AndroidAnnotations 3.2 with options {phase=BUILD}
14:17:53.954 [Worker-85] INFO  o.a.AndroidAnnotationProcessor:108 - Start processing for 3 annotations on 1 elements
14:17:53.962 [Worker-85] DEBUG o.a.h.AndroidManifestFinder:137 - AndroidManifest.xml file found in parent folder /Users/dream/Documents/work/androidannotations: /Users/dream/Documents/work/androidannotations/AndroidManifest.xml
14:17:53.963 [Worker-85] INFO  o.a.AndroidAnnotationProcessor:171 - AndroidManifest.xml found: AndroidManifest [applicationPackage=com.example.androidannotations, componentQualifiedNames=[com.example.androidannotations.MainActivity_], permissionQualifiedNames=[], applicationClassName=null, libraryProject=false, debugabble=false, minSdkVersion=8, maxSdkVersion=-1, targetSdkVersion=21]
14:17:53.964 [Worker-85] INFO  o.a.r.ProjectRClassFinder:50 - Found project R class: com.example.androidannotations.R
14:17:53.964 [Worker-85] INFO  o.a.r.AndroidRClassFinder:44 - Found Android class: android.R
14:17:53.968 [Worker-85] INFO  o.a.p.ModelValidator:42 - Validating elements
14:17:53.969 [Worker-85] DEBUG o.a.p.ModelValidator:62 - Validating with EActivityHandler: [com.example.androidannotations.MainActivity]
14:17:53.969 [Worker-85] DEBUG o.a.p.ModelValidator:62 - Validating with ViewByIdHandler: [text, username, but_id, password]
14:17:53.970 [Worker-85] DEBUG o.a.p.ModelValidator:62 - Validating with ClickHandler: [void login() ]
14:17:53.973 [Worker-85] INFO  o.a.p.ModelProcessor:69 - Processing root elements
14:17:53.973 [Worker-85] DEBUG o.a.p.ModelProcessor:160 - Processing root elements EActivityHandler: [com.example.androidannotations.MainActivity]
14:17:53.975 [Worker-85] INFO  o.a.p.ModelProcessor:77 - Processing enclosed elements
14:17:53.977 [Worker-85] INFO  o.a.AndroidAnnotationProcessor:250 - Number of files generated by AndroidAnnotations: 1
14:17:53.977 [Worker-85] INFO  o.a.g.ApiCodeGenerator:52 - Writting following API classes in project: []
14:17:53.978 [Worker-85] DEBUG o.a.g.SourceCodewriter:55 - Generating class: com.example.androidannotations.MainActivity_
14:17:53.985 [Worker-85] INFO  o.a.p.TimeStats:81 - Time measurements: [Whole Processing = 31 ms], [Extract Annotations = 8 ms], [Generate Sources = 8 ms], [Validate Annotations = 5 ms], [Find R Classes = 4 ms], [Process Annotations = 4 ms], [Extract Manifest = 1 ms], 
14:17:53.986 [Worker-85] INFO  o.a.AndroidAnnotationProcessor:122 - Finish processing
14:18:11.837 [Worker-88] INFO  o.a.AndroidAnnotationProcessor:84 - Initialize AndroidAnnotations 3.2 with options {phase=BUILD}
14:18:11.838 [Worker-88] INFO  o.a.AndroidAnnotationProcessor:108 - Start processing for 3 annotations on 1 elements
14:18:11.846 [Worker-88] DEBUG o.a.h.AndroidManifestFinder:137 - AndroidManifest.xml file found in parent folder /Users/dream/Documents/work/androidannotations: /Users/dream/Documents/work/androidannotations/AndroidManifest.xml
14:18:11.847 [Worker-88] INFO  o.a.AndroidAnnotationProcessor:171 - AndroidManifest.xml found: AndroidManifest [applicationPackage=com.example.androidannotations, componentQualifiedNames=[com.example.androidannotations.MainActivity_], permissionQualifiedNames=[], applicationClassName=null, libraryProject=false, debugabble=false, minSdkVersion=8, maxSdkVersion=-1, targetSdkVersion=21]
14:18:11.847 [Worker-88] INFO  o.a.r.ProjectRClassFinder:50 - Found project R class: com.example.androidannotations.R
14:18:11.848 [Worker-88] INFO  o.a.r.AndroidRClassFinder:44 - Found Android class: android.R
14:18:11.850 [Worker-88] INFO  o.a.p.ModelValidator:42 - Validating elements
14:18:11.851 [Worker-88] DEBUG o.a.p.ModelValidator:62 - Validating with EActivityHandler: [com.example.androidannotations.MainActivity]
14:18:11.851 [Worker-88] DEBUG o.a.p.ModelValidator:62 - Validating with ViewByIdHandler: [text, password, username, but_id]
14:18:11.852 [Worker-88] DEBUG o.a.p.ModelValidator:62 - Validating with ClickHandler: [void login() ]
14:18:11.853 [Worker-88] INFO  o.a.p.ModelProcessor:69 - Processing root elements
14:18:11.853 [Worker-88] DEBUG o.a.p.ModelProcessor:160 - Processing root elements EActivityHandler: [com.example.androidannotations.MainActivity]
14:18:11.856 [Worker-88] INFO  o.a.p.ModelProcessor:77 - Processing enclosed elements
14:18:11.857 [Worker-88] INFO  o.a.AndroidAnnotationProcessor:250 - Number of files generated by AndroidAnnotations: 1
14:18:11.858 [Worker-88] INFO  o.a.g.ApiCodeGenerator:52 - Writting following API classes in project: []
14:18:11.858 [Worker-88] DEBUG o.a.g.SourceCodewriter:55 - Generating class: com.example.androidannotations.MainActivity_
14:18:11.870 [Worker-88] INFO  o.a.p.TimeStats:81 - Time measurements: [Whole Processing = 32 ms], [Generate Sources = 13 ms], [Extract Annotations = 7 ms], [Process Annotations = 4 ms], [Find R Classes = 3 ms], [Validate Annotations = 3 ms], [Extract Manifest = 2 ms], 
14:18:11.870 [Worker-88] INFO  o.a.AndroidAnnotationProcessor:122 - Finish processing
14:18:30.197 [Worker-88] INFO  o.a.AndroidAnnotationProcessor:84 - Initialize AndroidAnnotations 3.2 with options {phase=BUILD}
14:18:30.199 [Worker-88] INFO  o.a.AndroidAnnotationProcessor:108 - Start processing for 3 annotations on 2 elements
14:18:30.207 [Worker-88] DEBUG o.a.h.AndroidManifestFinder:137 - AndroidManifest.xml file found in parent folder /Users/dream/Documents/work/androidannotations: /Users/dream/Documents/work/androidannotations/AndroidManifest.xml
14:18:30.209 [Worker-88] INFO  o.a.AndroidAnnotationProcessor:171 - AndroidManifest.xml found: AndroidManifest [applicationPackage=com.example.androidannotations, componentQualifiedNames=[com.example.androidannotations.MainActivity_], permissionQualifiedNames=[], applicationClassName=null, libraryProject=false, debugabble=false, minSdkVersion=8, maxSdkVersion=-1, targetSdkVersion=21]
14:18:30.209 [Worker-88] INFO  o.a.r.ProjectRClassFinder:50 - Found project R class: com.example.androidannotations.R
14:18:30.210 [Worker-88] INFO  o.a.r.AndroidRClassFinder:44 - Found Android class: android.R
14:18:30.213 [Worker-88] INFO  o.a.p.ModelValidator:42 - Validating elements
14:18:30.214 [Worker-88] DEBUG o.a.p.ModelValidator:62 - Validating with EActivityHandler: [com.example.androidannotations.MainActivity]
14:18:30.214 [Worker-88] DEBUG o.a.p.ModelValidator:62 - Validating with ViewByIdHandler: [username, but_id, text, password]
14:18:30.215 [Worker-88] DEBUG o.a.p.ModelValidator:62 - Validating with ClickHandler: [void login() ]
14:18:30.216 [Worker-88] INFO  o.a.p.ModelProcessor:69 - Processing root elements
14:18:30.216 [Worker-88] DEBUG o.a.p.ModelProcessor:160 - Processing root elements EActivityHandler: [com.example.androidannotations.MainActivity]
14:18:30.219 [Worker-88] INFO  o.a.p.ModelProcessor:77 - Processing enclosed elements
14:18:30.220 [Worker-88] INFO  o.a.AndroidAnnotationProcessor:250 - Number of files generated by AndroidAnnotations: 1
14:18:30.220 [Worker-88] INFO  o.a.g.ApiCodeGenerator:52 - Writting following API classes in project: []
14:18:30.221 [Worker-88] DEBUG o.a.g.SourceCodewriter:55 - Generating class: com.example.androidannotations.MainActivity_
14:18:30.230 [Worker-88] INFO  o.a.p.TimeStats:81 - Time measurements: [Whole Processing = 31 ms], [Generate Sources = 10 ms], [Extract Annotations = 8 ms], [Find R Classes = 4 ms], [Process Annotations = 4 ms], [Validate Annotations = 3 ms], [Extract Manifest = 2 ms], 
14:18:30.230 [Worker-88] INFO  o.a.AndroidAnnotationProcessor:122 - Finish processing
14:18:32.818 [Worker-82] INFO  o.a.AndroidAnnotationProcessor:84 - Initialize AndroidAnnotations 3.2 with options {phase=BUILD}
14:18:32.820 [Worker-82] INFO  o.a.AndroidAnnotationProcessor:108 - Start processing for 3 annotations on 1 elements
14:18:32.829 [Worker-82] DEBUG o.a.h.AndroidManifestFinder:137 - AndroidManifest.xml file found in parent folder /Users/dream/Documents/work/androidannotations: /Users/dream/Documents/work/androidannotations/AndroidManifest.xml
14:18:32.831 [Worker-82] INFO  o.a.AndroidAnnotationProcessor:171 - AndroidManifest.xml found: AndroidManifest [applicationPackage=com.example.androidannotations, componentQualifiedNames=[com.example.androidannotations.MainActivity_], permissionQualifiedNames=[], applicationClassName=null, libraryProject=false, debugabble=false, minSdkVersion=8, maxSdkVersion=-1, targetSdkVersion=21]
14:18:32.831 [Worker-82] INFO  o.a.r.ProjectRClassFinder:50 - Found project R class: com.example.androidannotations.R
14:18:32.832 [Worker-82] INFO  o.a.r.AndroidRClassFinder:44 - Found Android class: android.R
14:18:32.835 [Worker-82] INFO  o.a.p.ModelValidator:42 - Validating elements
14:18:32.836 [Worker-82] DEBUG o.a.p.ModelValidator:62 - Validating with EActivityHandler: [com.example.androidannotations.MainActivity]
14:18:32.836 [Worker-82] DEBUG o.a.p.ModelValidator:62 - Validating with ViewByIdHandler: [but_id, text, password, username]
14:18:32.837 [Worker-82] DEBUG o.a.p.ModelValidator:62 - Validating with ClickHandler: [void login() ]
14:18:32.838 [Worker-82] INFO  o.a.p.ModelProcessor:69 - Processing root elements
14:18:32.838 [Worker-82] DEBUG o.a.p.ModelProcessor:160 - Processing root elements EActivityHandler: [com.example.androidannotations.MainActivity]
14:18:32.841 [Worker-82] INFO  o.a.p.ModelProcessor:77 - Processing enclosed elements
14:18:32.842 [Worker-82] INFO  o.a.AndroidAnnotationProcessor:250 - Number of files generated by AndroidAnnotations: 1
14:18:32.842 [Worker-82] INFO  o.a.g.ApiCodeGenerator:52 - Writting following API classes in project: []
14:18:32.842 [Worker-82] DEBUG o.a.g.SourceCodewriter:55 - Generating class: com.example.androidannotations.MainActivity_
14:18:32.850 [Worker-82] INFO  o.a.p.TimeStats:81 - Time measurements: [Whole Processing = 30 ms], [Extract Annotations = 8 ms], [Generate Sources = 8 ms], [Find R Classes = 4 ms], [Process Annotations = 4 ms], [Validate Annotations = 3 ms], [Extract Manifest = 2 ms], 
14:18:32.850 [Worker-82] INFO  o.a.AndroidAnnotationProcessor:122 - Finish processing
14:21:55.296 [Worker-88] INFO  o.a.AndroidAnnotationProcessor:84 - Initialize AndroidAnnotations 3.2 with options {phase=BUILD}
14:21:55.298 [Worker-88] INFO  o.a.AndroidAnnotationProcessor:108 - Start processing for 3 annotations on 1 elements
14:21:55.309 [Worker-88] DEBUG o.a.h.AndroidManifestFinder:137 - AndroidManifest.xml file found in parent folder /Users/dream/Documents/work/androidannotations: /Users/dream/Documents/work/androidannotations/AndroidManifest.xml
14:21:55.311 [Worker-88] INFO  o.a.AndroidAnnotationProcessor:171 - AndroidManifest.xml found: AndroidManifest [applicationPackage=com.example.androidannotations, componentQualifiedNames=[com.example.androidannotations.MainActivity_], permissionQualifiedNames=[], applicationClassName=null, libraryProject=false, debugabble=false, minSdkVersion=8, maxSdkVersion=-1, targetSdkVersion=21]
14:21:55.311 [Worker-88] INFO  o.a.r.ProjectRClassFinder:50 - Found project R class: com.example.androidannotations.R
14:21:55.313 [Worker-88] INFO  o.a.r.AndroidRClassFinder:44 - Found Android class: android.R
14:21:55.318 [Worker-88] INFO  o.a.p.ModelValidator:42 - Validating elements
14:21:55.318 [Worker-88] DEBUG o.a.p.ModelValidator:62 - Validating with EActivityHandler: [com.example.androidannotations.MainActivity]
14:21:55.319 [Worker-88] DEBUG o.a.p.ModelValidator:62 - Validating with ViewByIdHandler: [username, but_id, text, password]
14:21:55.320 [Worker-88] DEBUG o.a.p.ModelValidator:62 - Validating with ClickHandler: [void login() ]
14:21:55.321 [Worker-88] INFO  o.a.p.ModelProcessor:69 - Processing root elements
14:21:55.322 [Worker-88] DEBUG o.a.p.ModelProcessor:160 - Processing root elements EActivityHandler: [com.example.androidannotations.MainActivity]
14:21:55.344 [Worker-88] INFO  o.a.p.ModelProcessor:77 - Processing enclosed elements
14:21:55.346 [Worker-88] INFO  o.a.AndroidAnnotationProcessor:250 - Number of files generated by AndroidAnnotations: 1
14:21:55.346 [Worker-88] INFO  o.a.g.ApiCodeGenerator:52 - Writting following API classes in project: []
14:21:55.346 [Worker-88] DEBUG o.a.g.SourceCodewriter:55 - Generating class: com.example.androidannotations.MainActivity_
14:21:55.357 [Worker-88] INFO  o.a.p.TimeStats:81 - Time measurements: [Whole Processing = 59 ms], [Process Annotations = 25 ms], [Generate Sources = 11 ms], [Extract Annotations = 10 ms], [Find R Classes = 6 ms], [Validate Annotations = 3 ms], [Extract Manifest = 2 ms], 
14:21:55.357 [Worker-88] INFO  o.a.AndroidAnnotationProcessor:122 - Finish processing
14:22:57.130 [Worker-78] INFO  o.a.AndroidAnnotationProcessor:84 - Initialize AndroidAnnotations 3.2 with options {phase=BUILD}
14:22:57.132 [Worker-78] INFO  o.a.AndroidAnnotationProcessor:108 - Start processing for 3 annotations on 1 elements
14:22:57.158 [Worker-78] DEBUG o.a.h.AndroidManifestFinder:137 - AndroidManifest.xml file found in parent folder /Users/dream/Documents/work/androidannotations: /Users/dream/Documents/work/androidannotations/AndroidManifest.xml
14:22:57.159 [Worker-78] INFO  o.a.AndroidAnnotationProcessor:171 - AndroidManifest.xml found: AndroidManifest [applicationPackage=com.example.androidannotations, componentQualifiedNames=[com.example.androidannotations.MainActivity_], permissionQualifiedNames=[], applicationClassName=null, libraryProject=false, debugabble=false, minSdkVersion=8, maxSdkVersion=-1, targetSdkVersion=21]
14:22:57.160 [Worker-78] INFO  o.a.r.ProjectRClassFinder:50 - Found project R class: com.example.androidannotations.R
14:22:57.162 [Worker-78] INFO  o.a.r.AndroidRClassFinder:44 - Found Android class: android.R
14:22:57.171 [Worker-78] INFO  o.a.p.ModelValidator:42 - Validating elements
14:22:57.171 [Worker-78] DEBUG o.a.p.ModelValidator:62 - Validating with EActivityHandler: [com.example.androidannotations.MainActivity]
14:22:57.172 [Worker-78] DEBUG o.a.p.ModelValidator:62 - Validating with ViewByIdHandler: [password, but_id, username, text]
14:22:57.173 [Worker-78] DEBUG o.a.p.ModelValidator:62 - Validating with ClickHandler: [void login() ]
14:22:57.175 [Worker-78] INFO  o.a.p.ModelProcessor:69 - Processing root elements
14:22:57.175 [Worker-78] DEBUG o.a.p.ModelProcessor:160 - Processing root elements EActivityHandler: [com.example.androidannotations.MainActivity]
14:22:57.178 [Worker-78] INFO  o.a.p.ModelProcessor:77 - Processing enclosed elements
14:22:57.179 [Worker-78] INFO  o.a.AndroidAnnotationProcessor:250 - Number of files generated by AndroidAnnotations: 1
14:22:57.180 [Worker-78] INFO  o.a.g.ApiCodeGenerator:52 - Writting following API classes in project: []
14:22:57.180 [Worker-78] DEBUG o.a.g.SourceCodewriter:55 - Generating class: com.example.androidannotations.MainActivity_
14:22:57.188 [Worker-78] INFO  o.a.p.TimeStats:81 - Time measurements: [Whole Processing = 56 ms], [Extract Annotations = 26 ms], [Find R Classes = 11 ms], [Generate Sources = 9 ms], [Validate Annotations = 4 ms], [Process Annotations = 4 ms], [Extract Manifest = 1 ms], 
14:22:57.189 [Worker-78] INFO  o.a.AndroidAnnotationProcessor:122 - Finish processing
14:25:00.569 [Worker-82] INFO  o.a.AndroidAnnotationProcessor:84 - Initialize AndroidAnnotations 3.2 with options {phase=BUILD}
14:25:00.571 [Worker-82] INFO  o.a.AndroidAnnotationProcessor:108 - Start processing for 3 annotations on 1 elements
14:25:00.597 [Worker-82] DEBUG o.a.h.AndroidManifestFinder:137 - AndroidManifest.xml file found in parent folder /Users/dream/Documents/work/androidannotations: /Users/dream/Documents/work/androidannotations/AndroidManifest.xml
14:25:00.599 [Worker-82] INFO  o.a.AndroidAnnotationProcessor:171 - AndroidManifest.xml found: AndroidManifest [applicationPackage=com.example.androidannotations, componentQualifiedNames=[com.example.androidannotations.MainActivity_], permissionQualifiedNames=[], applicationClassName=null, libraryProject=false, debugabble=false, minSdkVersion=8, maxSdkVersion=-1, targetSdkVersion=21]
14:25:00.599 [Worker-82] INFO  o.a.r.ProjectRClassFinder:50 - Found project R class: com.example.androidannotations.R
14:25:00.601 [Worker-82] INFO  o.a.r.AndroidRClassFinder:44 - Found Android class: android.R
14:25:00.613 [Worker-82] INFO  o.a.p.ModelValidator:42 - Validating elements
14:25:00.613 [Worker-82] DEBUG o.a.p.ModelValidator:62 - Validating with EActivityHandler: [com.example.androidannotations.MainActivity]
14:25:00.614 [Worker-82] DEBUG o.a.p.ModelValidator:62 - Validating with ViewByIdHandler: [but_id, password, username, text]
14:25:00.615 [Worker-82] DEBUG o.a.p.ModelValidator:62 - Validating with ClickHandler: [void login() ]
14:25:00.616 [Worker-82] INFO  o.a.p.ModelProcessor:69 - Processing root elements
14:25:00.616 [Worker-82] DEBUG o.a.p.ModelProcessor:160 - Processing root elements EActivityHandler: [com.example.androidannotations.MainActivity]
14:25:00.620 [Worker-82] INFO  o.a.p.ModelProcessor:77 - Processing enclosed elements
14:25:00.621 [Worker-82] INFO  o.a.AndroidAnnotationProcessor:250 - Number of files generated by AndroidAnnotations: 1
14:25:00.621 [Worker-82] INFO  o.a.g.ApiCodeGenerator:52 - Writting following API classes in project: []
14:25:00.622 [Worker-82] DEBUG o.a.g.SourceCodewriter:55 - Generating class: com.example.androidannotations.MainActivity_
14:25:00.634 [Worker-82] INFO  o.a.p.TimeStats:81 - Time measurements: [Whole Processing = 63 ms], [Extract Annotations = 26 ms], [Find R Classes = 14 ms], [Generate Sources = 13 ms], [Process Annotations = 5 ms], [Validate Annotations = 3 ms], [Extract Manifest = 2 ms], 
14:25:00.635 [Worker-82] INFO  o.a.AndroidAnnotationProcessor:122 - Finish processing
19:42:40.651 [Worker-3] INFO  o.a.AndroidAnnotationProcessor:84 - Initialize AndroidAnnotations 3.2 with options {phase=BUILD}
09:18:15.109 [Worker-7] INFO  o.a.AndroidAnnotationProcessor:84 - Initialize AndroidAnnotations 3.2 with options {phase=BUILD}
10:40:14.707 [Worker-8] INFO  o.a.AndroidAnnotationProcessor:84 - Initialize AndroidAnnotations 3.2 with options {phase=BUILD}
